<?xml version="1.0" encoding="UTF-8"?>
<testsuite xmlns:xsi="http://www.w3.org/2001/XMLSchema-instance" xsi:noNamespaceSchemaLocation="https://maven.apache.org/surefire/maven-surefire-plugin/xsd/surefire-test-report-3.0.xsd" version="3.0" name="org.khangpbm.mathutil.core.test.MathUtilityAdvancedTest" time="0.191" tests="4" errors="0" skipped="0" failures="0">
  <properties>
[...]
</properties>
  <testcase name="testFactorialGivenRightArgument1ReturnsWell(int, long)[1]" classname="org.khangpbm.mathutil.core.test.MathUtilityAdvancedTest" time="0.084"/>
  <testcase name="testFactorialGivenRightArgument1ReturnsWell(int, long)[2]" classname="org.khangpbm.mathutil.core.test.MathUtilityAdvancedTest" time="0.002"/>
  <testcase name="testFactorialGivenRightArgument1ReturnsWell(int, long)[3]" classname="org.khangpbm.mathutil.core.test.MathUtilityAdvancedTest" time="0.001"/>
  <testcase name="testFactorialGivenRightArgument1ReturnsWell(int, long)[4]" classname="org.khangpbm.mathutil.core.test.MathUtilityAdvancedTest" time="0.002"/>
</testsuite>